0
0
0
0
0
0
0
0
0
0
0
0
0
0
0
0
0
0
0
0
0
0
0
0
0
0
0
0
0
0
0
0
0
0
0
0
0
0
0
0
0
0
0
0
0
0
0
0
0
0
0
0
0
0
0
0
0
0
0
0
0
0
0
0
0
0
0
0
0
0
0
0
0
0
0
0
0
0
0
0
0
0
0
0
0
0
0
0
0
0
0
0
0
0
0
0
0
0
0
0
0
0
0
0
0
0
0
0
0
0
0
0
0
0
0
0
0
0
0
0
0
0
0
0
0
0
0
0
0
0
0
0
0
0
0
0
0
0
0
0
0
0
0
0
0
0
0
0
0
0
0
0
0
0
0
0
0
0
0
0
0
0
0
0
0
0
0
0
0
0
0
0
0
0
0
0
0
0
0
0
0
0
0
0
0
0
0
0
0
0
0
0
0
0
0
0
0
0
0
0
0
0
0
0
0
0
0
0
0
0
0
0
0
0
0
0
0
0
0
0
0
0
0
0
0
0
0
0
0
0
0
0
0
0
0
0
0
0
0
0
0
0
0
0
0
0
0
0
0
0
0
0
210
210
210
210
210
210
210
210
210
210
214
214
214
214
214
214
214
214
214
214
218
218
218
218
218
218
218
218
218
218
234
234
234
234
234
234
234
234
234
234
266
266
266
266
266
266
266
266
266
266
274
274
274
274
274
274
274
274
274
274
276
276
276
276
276
276
276
276
276
276
278
278
278
278
278
278
278
278
278
278
282
282
282
282
282
282
282
282
282
282
290
290
290
290
290
290
290
290
290
290
292
292
292
292
292
292
292
292
292
292
294
294
294
294
294
294
294
294
294
294
296
296
296
296
296
296
296
296
296
296
300
300
300
300
300
300
300
300
300
300
302
302
302
302
302
302
302
302
302
302
306
306
306
306
306
306
306
306
306
306
308
308
308
308
308
308
308
308
308
308
310
310
310
310
310
310
310
310
310
310
314
314
314
314
314
314
314
314
314
314
322
322
322
322
322
322
322
322
322
322
324
324
324
324
324
324
324
324
324
324
324
324
324
324
324
324
324
324
324
324
328
328
328
328
328
328
328
328
328
328
332
332
332
332
332
332
332
332
332
332
334
334
334
334
334
334
334
334
334
334
336
336
336
336
336
336
336
336
336
336
344
344
344
344
344
344
344
344
344
344
348
348
348
348
348
348
348
348
348
348
350
350
350
350
350
350
350
350
350
350
354
354
354
354
354
354
354
354
354
354
356
356
356
356
356
356
356
356
356
356
358
358
358
358
358
358
358
358
358
358
360
360
360
360
360
360
360
360
360
360
364
364
364
364
364
364
364
364
364
364
366
366
366
366
366
366
366
366
366
366
370
370
370
370
370
370
370
370
370
370
372
372
372
372
372
372
372
372
372
372
374
374
374
374
374
374
374
374
374
374
378
378
378
378
378
378
378
378
378
378
394
394
394
394
394
394
394
394
394
394
402
402
402
402
402
402
402
402
402
402
404
404
404
404
404
404
404
404
404
404
404
404
404
404
404
404
404
404
404
404
410
410
410
410
410
410
410
410
410
410
418
418
418
418
418
418
418
418
418
418
420
420
420
420
420
420
420
420
420
420
422
422
422
422
422
422
422
422
422
422
424
424
424
424
424
424
424
424
424
424
428
428
428
428
428
428
428
428
428
428
430
430
430
430
430
430
430
430
430
430
434
434
434
434
434
434
434
434
434
434
436
436
436
436
436
436
436
436
436
436
438
438
438
438
438
438
438
438
438
438
442
442
442
442
442
442
442
442
442
442
458
458
458
458
458
458
458
458
458
458
466
466
466
466
466
466
466
466
466
466
468
468
468
468
468
468
468
468
468
468
468
468
468
468
468
468
468
468
468
468
468
468
468
468
468
468
468
468
468
468
468
468
468
468
468
468
468
468
468
468
468
468
468
468
468
468
468
468
468
468
468
468
468
468
468
468
468
468
468
468
468
468
468
468
468
468
468
468
468
468
468
468
468
468
468
468
468
468
468
468
468
468
468
468
468
468
468
468
468
468
468
468
468
468
468
468
468
468
468
468
468
468
468
468
468
468
468
468
468
468
468
468
468
468
